2017-09-27 08:54:59.822 - DEBUG - Reading navigation route pickle file:
2017-09-27 08:54:59.822 - DEBUG - 	C:\software\Bitnami\djangostack-1.11.1-1\apache2\htdocs\wbd-cgi\data\navigator_huc12.p
2017-09-27 08:55:03.798 - DEBUG -  Read in 3.975 seconds
2017-09-27 09:11:16.256 - DEBUG - Reading navigation route pickle file:
2017-09-27 09:11:16.256 - DEBUG - 	C:\software\Bitnami\djangostack-1.11.1-1\apache2\htdocs\wbd-cgi\data\navigator_huc12.p
2017-09-27 09:11:19.411 - DEBUG -  Read in 3.155 seconds
2017-09-27 09:20:13.111 - DEBUG - Reading navigation route pickle file:
2017-09-27 09:20:13.111 - DEBUG - 	C:\software\Bitnami\djangostack-1.11.1-1\apache2\htdocs\wbd-cgi\data\navigator_huc12.p
2017-09-27 09:20:16.779 - DEBUG -  Read in 3.667 seconds
2017-10-13 11:12:09.230 - DEBUG - Reading navigation route pickle file:
2017-10-13 11:12:09.230 - DEBUG - 	C:\software\Bitnami\djangostack-1.11.1-1\apache2\htdocs\wbd-cgi\data\navigator_huc12.p
2017-10-13 11:12:14. 28 - DEBUG -  Read in 4.797 seconds
2017-10-13 11:13:43.130 - DEBUG - Reading navigation route pickle file:
2017-10-13 11:13:43.130 - DEBUG - 	C:\software\Bitnami\djangostack-1.11.1-1\apache2\htdocs\wbd-cgi\data\navigator_huc12.p
2017-10-13 11:13:47. 72 - DEBUG -  Read in 3.942 seconds
2017-10-13 11:16:24.434 - DEBUG - Reading navigation route pickle file:
2017-10-13 11:16:24.434 - DEBUG - 	C:\software\Bitnami\djangostack-1.11.1-1\apache2\htdocs\wbd-cgi\data\navigator_huc12.p
2017-10-13 11:16:28.997 - DEBUG -  Read in 4.563 seconds
2017-10-13 11:19:13.467 - DEBUG - Reading navigation route pickle file:
2017-10-13 11:19:13.467 - DEBUG - 	C:\software\Bitnami\djangostack-1.11.1-1\apache2\htdocs\wbd-cgi\data\navigator_huc12.p
2017-10-13 11:19:17.217 - DEBUG -  Read in 3.75 seconds
2017-10-13 11:29:33.266 - DEBUG - Reading navigation route pickle file:
2017-10-13 11:29:33.266 - DEBUG - 	C:\software\Bitnami\djangostack-1.11.1-1\apache2\htdocs\wbd-cgi\data\navigator_huc12.p
2017-10-13 11:29:36.878 - DEBUG -  Read in 3.61 seconds
2017-10-13 11:31:50.792 - DEBUG - Reading navigation route pickle file:
2017-10-13 11:31:50.792 - DEBUG - 	C:\software\Bitnami\djangostack-1.11.1-1\apache2\htdocs\wbd-cgi\data\navigator_huc12.p
2017-10-13 11:31:54.240 - DEBUG -  Read in 3.447 seconds
2017-10-13 11:32:14.987 - DEBUG - Reading navigation route pickle file:
2017-10-13 11:32:14.987 - DEBUG - 	C:\software\Bitnami\djangostack-1.11.1-1\apache2\htdocs\wbd-cgi\data\navigator_huc12.p
2017-10-13 11:32:16.884 - DEBUG -  Read in 1.897 seconds
2017-10-13 11:32:35.483 - DEBUG - Reading navigation route pickle file:
2017-10-13 11:32:35.483 - DEBUG - 	C:\software\Bitnami\djangostack-1.11.1-1\apache2\htdocs\wbd-cgi\data\navigator_huc12.p
2017-10-13 11:32:38.479 - DEBUG -  Read in 2.995 seconds
2017-10-13 11:33:15.884 - DEBUG - Reading navigation route pickle file:
2017-10-13 11:33:15.884 - DEBUG - 	C:\software\Bitnami\djangostack-1.11.1-1\apache2\htdocs\wbd-cgi\data\navigator_huc12.p
2017-10-13 11:33:18.394 - DEBUG -  Read in 2.51 seconds
2017-10-13 11:35:04.888 - DEBUG - Reading navigation route pickle file:
2017-10-13 11:35:04.888 - DEBUG - 	C:\software\Bitnami\djangostack-1.11.1-1\apache2\htdocs\wbd-cgi\data\navigator_huc12.p
2017-10-13 11:35:08.660 - DEBUG -  Read in 3.77 seconds
2017-10-13 11:35:15.736 - DEBUG - Reading navigation route pickle file:
2017-10-13 11:35:15.736 - DEBUG - 	C:\software\Bitnami\djangostack-1.11.1-1\apache2\htdocs\wbd-cgi\data\navigator_huc12.p
2017-10-13 11:35:19.779 - DEBUG -  Read in 4.042 seconds
2017-10-13 11:35:49.742 - DEBUG - Reading navigation route pickle file:
2017-10-13 11:35:49.742 - DEBUG - 	C:\software\Bitnami\djangostack-1.11.1-1\apache2\htdocs\wbd-cgi\data\navigator_huc12.p
2017-10-13 11:35:53.486 - DEBUG -  Read in 3.744 seconds
2017-10-13 11:36:04. 99 - DEBUG - Reading navigation route pickle file:
2017-10-13 11:36:04. 99 - DEBUG - 	C:\software\Bitnami\djangostack-1.11.1-1\apache2\htdocs\wbd-cgi\data\navigator_huc12.p
2017-10-13 11:36:07.601 - DEBUG -  Read in 3.5 seconds
2017-10-13 11:43:02.940 - DEBUG - Reading navigation route pickle file:
2017-10-13 11:43:02.940 - DEBUG - 	C:\software\Bitnami\djangostack-1.11.1-1\apache2\htdocs\wbd-cgi\data\navigator_huc12.p
2017-10-13 11:43:06.288 - DEBUG -  Read in 3.347 seconds
2017-10-13 11:46:16.467 - DEBUG - Reading navigation route pickle file:
2017-10-13 11:46:16.467 - DEBUG - 	C:\software\Bitnami\djangostack-1.11.1-1\apache2\htdocs\wbd-cgi\data\navigator_huc12.p
2017-10-13 11:46:18.733 - DEBUG -  Read in 2.266 seconds
2017-10-13 11:46:34.592 - DEBUG - Reading navigation route pickle file:
2017-10-13 11:46:34.592 - DEBUG - 	C:\software\Bitnami\djangostack-1.11.1-1\apache2\htdocs\wbd-cgi\data\navigator_huc12.p
2017-10-13 11:46:37. 49 - DEBUG -  Read in 2.457 seconds
2017-10-13 11:46:53.206 - DEBUG - Reading navigation route pickle file:
2017-10-13 11:46:53.206 - DEBUG - 	C:\software\Bitnami\djangostack-1.11.1-1\apache2\htdocs\wbd-cgi\data\navigator_huc12.p
2017-10-13 11:46:56.450 - DEBUG -  Read in 3.244 seconds
2017-10-13 11:47:20.309 - DEBUG - Reading navigation route pickle file:
2017-10-13 11:47:20.309 - DEBUG - 	C:\software\Bitnami\djangostack-1.11.1-1\apache2\htdocs\wbd-cgi\data\navigator_huc12.p
2017-10-13 11:47:23.776 - DEBUG -  Read in 3.465 seconds
2017-10-13 11:47:31.191 - DEBUG - Reading navigation route pickle file:
2017-10-13 11:47:31.191 - DEBUG - 	C:\software\Bitnami\djangostack-1.11.1-1\apache2\htdocs\wbd-cgi\data\navigator_huc12.p
2017-10-13 11:47:33.394 - DEBUG -  Read in 2.202 seconds
2017-10-13 11:50:16. 78 - DEBUG - Reading navigation route pickle file:
2017-10-13 11:50:16. 78 - DEBUG - 	C:\software\Bitnami\djangostack-1.11.1-1\apache2\htdocs\wbd-cgi\data\navigator_huc12.p
2017-10-13 11:50:17.974 - DEBUG -  Read in 1.895 seconds
2017-10-13 11:51:39.395 - DEBUG - Reading navigation route pickle file:
2017-10-13 11:51:39.395 - DEBUG - 	C:\software\Bitnami\djangostack-1.11.1-1\apache2\htdocs\wbd-cgi\data\navigator_huc12.p
2017-10-13 11:51:43.842 - DEBUG -  Read in 4.446 seconds
2017-10-13 11:52:01.246 - DEBUG - Reading navigation route pickle file:
2017-10-13 11:52:01.246 - DEBUG - 	C:\software\Bitnami\djangostack-1.11.1-1\apache2\htdocs\wbd-cgi\data\navigator_huc12.p
2017-10-13 11:52:04.529 - DEBUG -  Read in 3.283 seconds
2017-10-13 11:52:32.417 - DEBUG - Reading navigation route pickle file:
2017-10-13 11:52:32.417 - DEBUG - 	C:\software\Bitnami\djangostack-1.11.1-1\apache2\htdocs\wbd-cgi\data\navigator_huc12.p
2017-10-13 11:52:35.572 - DEBUG -  Read in 3.154 seconds
2017-10-13 11:52:46.826 - DEBUG - Reading navigation route pickle file:
2017-10-13 11:52:46.826 - DEBUG - 	C:\software\Bitnami\djangostack-1.11.1-1\apache2\htdocs\wbd-cgi\data\navigator_huc12.p
2017-10-13 11:52:51.786 - DEBUG -  Read in 4.958 seconds
2017-10-13 11:52:57.743 - DEBUG - Reading navigation route pickle file:
2017-10-13 11:52:57.743 - DEBUG - 	C:\software\Bitnami\djangostack-1.11.1-1\apache2\htdocs\wbd-cgi\data\navigator_huc12.p
2017-10-13 11:53:03.190 - DEBUG -  Read in 5.446 seconds
2017-10-13 11:54:07.951 - DEBUG - Reading navigation route pickle file:
2017-10-13 11:54:07.951 - DEBUG - 	C:\software\Bitnami\djangostack-1.11.1-1\apache2\htdocs\wbd-cgi\data\navigator_huc12.p
2017-10-13 11:54:12.539 - DEBUG -  Read in 4.587 seconds
2017-10-17 12:57:54.698 - DEBUG - Reading navigation route pickle file:
2017-10-17 12:57:54.698 - DEBUG - 	C:\inetpub\wwwroot\wbd-cgi\data\navigator_huc12.p
2017-10-17 13:19:11.619 - DEBUG - Reading navigation route pickle file:
2017-10-17 13:19:11.619 - DEBUG - 	C:\inetpub\wwwroot\wbd-cgi\data\navigator_huc12.p
2017-10-17 13:19:13.242 - DEBUG -  Read in 1.62104 seconds
2017-10-17 13:22:18.803 - DEBUG - Reading navigation route pickle file:
2017-10-17 13:22:18.803 - DEBUG - 	C:\inetpub\wwwroot\wbd-cgi\data\navigator_huc12.p
2017-10-17 13:22:20.399 - DEBUG -  Read in 1.590038 seconds
2017-10-17 13:24:59.586 - DEBUG - Reading navigation route pickle file:
2017-10-17 13:24:59.586 - DEBUG - 	C:\inetpub\wwwroot\wbd-cgi\data\navigator_huc12.p
2017-10-17 13:25:01.227 - DEBUG -  Read in 1.629042 seconds
2017-10-17 13:26:22. 56 - DEBUG - Reading navigation route pickle file:
2017-10-17 13:26:22. 56 - DEBUG - 	C:\inetpub\wwwroot\wbd-cgi\data\navigator_huc12.p
2017-10-17 13:26:23.643 - DEBUG -  Read in 1.577037 seconds
