2017-10-17 14:00:53.887 - DEBUG - Reading navigation route pickle file:
2017-10-17 14:00:53.887 - DEBUG - 	C:\inetpub\wwwroot\wbd-cgi\data\navigator_huc12.p
2017-10-17 14:00:55.514 - DEBUG -  Read in 1.627042 seconds
2017-10-17 14:01:03.298 - DEBUG - Reading navigation route pickle file:
2017-10-17 14:01:03.298 - DEBUG - 	C:\inetpub\wwwroot\wbd-cgi\data\navigator_huc12.p
2017-10-17 14:01:05.175 - DEBUG -  Read in 1.877048 seconds
2017-10-17 14:01:27.605 - DEBUG - Reading navigation route pickle file:
2017-10-17 14:01:27.605 - DEBUG - 	C:\inetpub\wwwroot\wbd-cgi\data\navigator_huc12.p
2017-10-17 14:01:29.268 - DEBUG -  Read in 1.662052 seconds
2017-10-17 14:02:45.433 - DEBUG - Reading navigation route pickle file:
2017-10-17 14:02:45.433 - DEBUG - 	C:\inetpub\wwwroot\wbd-cgi\data\navigator_huc12.p
2017-10-17 14:02:47. 48 - DEBUG -  Read in 1.61404 seconds
2017-10-17 14:41:41.  0 - DEBUG - Reading navigation route pickle file:
2017-10-17 14:41:41.  0 - DEBUG - 	C:\inetpub\wwwroot\wbd-cgi\data\navigator_huc12.p
2017-10-17 14:41:42.613 - DEBUG -  Read in 1.613034 seconds
2017-10-30 19:20:03.405 - DEBUG - Reading attribute file:
2017-10-30 19:20:03.405 - DEBUG - 	C:\inetpub\wwwroot\wbd-cgi\data\land_cover.csv
2017-10-30 19:20:05.813 - DEBUG -  Read 82915 rows in 2.40854 seconds
2017-10-30 19:20:20.702 - DEBUG - Reading attribute file:
2017-10-30 19:20:20.702 - DEBUG - 	C:\inetpub\wwwroot\wbd-cgi\data\elev_slope.csv
2017-10-30 19:20:23.237 - DEBUG -  Read 83029 rows in 2.535075 seconds
2017-10-30 19:23:53.662 - DEBUG - Reading attribute file:
2017-10-30 19:23:53.662 - DEBUG - 	C:\inetpub\wwwroot\wbd-cgi\data\elev_slope.csv
2017-10-30 19:23:56.323 - DEBUG -  Read 83029 rows in 2.66088 seconds
2017-10-30 19:25:37.741 - DEBUG - Reading attribute file:
2017-10-30 19:25:37.741 - DEBUG - 	C:\inetpub\wwwroot\wbd-cgi\data\elev_slope.csv
2017-10-30 19:25:40.203 - DEBUG -  Read 83029 rows in 2.461405 seconds
2017-10-30 19:27:07.472 - DEBUG - Reading attribute file:
2017-10-30 19:27:07.472 - DEBUG - 	C:\inetpub\wwwroot\wbd-cgi\data\elev_slope.csv
2017-10-30 19:27:09.910 - DEBUG -  Read 83029 rows in 2.438085 seconds
2017-10-30 19:27:23.689 - DEBUG - Reading attribute file:
2017-10-30 19:27:23.689 - DEBUG - 	C:\inetpub\wwwroot\wbd-cgi\data\land_cover.csv
2017-10-30 19:27:26. 33 - DEBUG -  Read 82915 rows in 2.344012 seconds
2017-10-30 19:28:06.121 - DEBUG - Reading attribute file:
2017-10-30 19:28:06.121 - DEBUG - 	C:\inetpub\wwwroot\wbd-cgi\data\land_cover.csv
2017-10-30 19:28:08.501 - DEBUG -  Read 82915 rows in 2.380061 seconds
2017-10-30 19:28:29.110 - DEBUG - Reading attribute file:
2017-10-30 19:28:29.110 - DEBUG - 	C:\inetpub\wwwroot\wbd-cgi\data\elev_slope.csv
2017-10-30 19:28:31.610 - DEBUG -  Read 83029 rows in 2.500063 seconds
2017-10-30 19:29:00.464 - DEBUG - Reading attribute file:
2017-10-30 19:29:00.464 - DEBUG - 	C:\inetpub\wwwroot\wbd-cgi\data\elev_slope.csv
2017-10-30 19:29:02.948 - DEBUG -  Read 83029 rows in 2.485076 seconds
2017-10-30 19:30:24.813 - DEBUG - Reading attribute file:
2017-10-30 19:30:24.813 - DEBUG - 	C:\inetpub\wwwroot\wbd-cgi\data\elev_slope.csv
2017-10-30 19:30:27.237 - DEBUG -  Read 83029 rows in 2.424068 seconds
2017-10-30 19:30:39.317 - DEBUG - Reading attribute file:
2017-10-30 19:30:39.317 - DEBUG - 	C:\inetpub\wwwroot\wbd-cgi\data\elev_slope.csv
2017-10-30 19:30:41.782 - DEBUG -  Read 83029 rows in 2.465061 seconds
2017-10-30 19:30:59.765 - DEBUG - Reading attribute file:
2017-10-30 19:30:59.765 - DEBUG - 	C:\inetpub\wwwroot\wbd-cgi\data\domestic_water_demand.csv
2017-10-30 19:31:01.194 - DEBUG -  Read 82915 rows in 1.429036 seconds
2017-10-30 21:36:35.860 - DEBUG - Reading attribute file:
2017-10-30 21:36:35.860 - DEBUG - 	C:\inetpub\wwwroot\wbd-cgi\data\land_cover.csv
2017-10-30 21:36:38. 81 - DEBUG -  Read 82915 rows in 2.222055 seconds
2017-10-31 09:42:20.739 - DEBUG - Reading attribute file:
2017-10-31 09:42:20.739 - DEBUG - 	C:\inetpub\wwwroot\wbd-cgi\data\land_cover.csv
2017-10-31 09:42:23.613 - DEBUG -  Read 82915 rows in 2.874507 seconds
2017-10-31 09:42:35.266 - DEBUG - Reading attribute file:
2017-10-31 09:42:35.266 - DEBUG - 	C:\inetpub\wwwroot\wbd-cgi\data\land_cover.csv
2017-10-31 09:42:37.732 - DEBUG -  Read 82915 rows in 2.465031 seconds
2017-10-31 09:42:42.210 - DEBUG - Reading attribute file:
2017-10-31 09:42:42.210 - DEBUG - 	C:\inetpub\wwwroot\wbd-cgi\data\land_cover.csv
2017-10-31 09:42:44.718 - DEBUG -  Read 82915 rows in 2.513078 seconds
2017-10-31 09:43:07. 68 - DEBUG - Reading attribute file:
2017-10-31 09:43:07. 68 - DEBUG - 	C:\inetpub\wwwroot\wbd-cgi\data\land_cover.csv
2017-10-31 09:43:09.637 - DEBUG -  Read 82915 rows in 2.570067 seconds
2017-10-31 09:44:51.999 - DEBUG - Reading attribute file:
2017-10-31 09:44:51.999 - DEBUG - 	C:\inetpub\wwwroot\wbd-cgi\data\land_cover.csv
2017-10-31 09:44:54.521 - DEBUG -  Read 82915 rows in 2.522084 seconds
2017-10-31 10:41:11.748 - DEBUG - Reading attribute file:
2017-10-31 10:41:11.748 - DEBUG - 	C:\inetpub\wwwroot\wbd-cgi\data\land_cover.csv
2017-10-31 10:41:14.232 - DEBUG -  Read 82915 rows in 2.484094 seconds
2017-10-31 10:41:41.574 - DEBUG - Reading attribute file:
2017-10-31 10:41:41.574 - DEBUG - 	C:\inetpub\wwwroot\wbd-cgi\data\land_cover.csv
2017-10-31 10:41:43.899 - DEBUG -  Read 82915 rows in 2.324093 seconds
2017-10-31 10:47:11.208 - DEBUG - Reading attribute file:
2017-10-31 10:47:11.208 - DEBUG - 	C:\inetpub\wwwroot\wbd-cgi\data\land_cover.csv
2017-10-31 10:47:13.406 - DEBUG -  Read 82915 rows in 2.197888 seconds
2017-10-31 10:48:41.553 - DEBUG - Reading attribute file:
2017-10-31 10:48:41.553 - DEBUG - 	C:\inetpub\wwwroot\wbd-cgi\data\land_cover.csv
2017-10-31 10:48:44. 98 - DEBUG -  Read 82915 rows in 2.545054 seconds
2017-12-06 09:15:20.220 - DEBUG - Reading attribute file:
2017-12-06 09:15:20.220 - DEBUG - 	C:\inetpub\wwwroot\wbd-cgi\data\elev_slope.csv
2017-12-06 09:15:20.842 - DEBUG -  Read 83029 rows in 0.621 seconds
2017-12-06 09:15:47.618 - DEBUG - Reading attribute file:
2017-12-06 09:15:47.618 - DEBUG - 	C:\inetpub\wwwroot\wbd-cgi\data\elev_slope.csv
2017-12-06 09:15:48.157 - DEBUG -  Read 83029 rows in 0.54 seconds
2017-12-06 09:18:20.617 - DEBUG - Reading attribute file:
2017-12-06 09:18:20.617 - DEBUG - 	C:\inetpub\wwwroot\wbd-cgi\data\elev_slope.csv
2017-12-06 09:18:21.151 - DEBUG -  Read 83029 rows in 0.535 seconds
2017-12-06 09:18:50.342 - DEBUG - Reading attribute file:
2017-12-06 09:18:50.342 - DEBUG - 	C:\inetpub\wwwroot\wbd-cgi\data\elev_slope.csv
2017-12-06 09:18:50.880 - DEBUG -  Read 83029 rows in 0.537 seconds
2017-12-06 09:21:26. 23 - DEBUG - Reading attribute file:
2017-12-06 09:21:26. 23 - DEBUG - 	C:\inetpub\wwwroot\wbd-cgi\data\elev_slope.csv
2017-12-06 09:21:26.569 - DEBUG -  Read 83029 rows in 0.547 seconds
2017-12-06 09:26:06.124 - DEBUG - Reading attribute file:
2017-12-06 09:26:06.124 - DEBUG - 	C:\inetpub\wwwroot\wbd-cgi\data\elev_slope.csv
2017-12-06 09:26:06.687 - DEBUG -  Read 83029 rows in 0.564 seconds
2017-12-06 09:32:47.795 - DEBUG - Reading attribute file:
2017-12-06 09:32:47.795 - DEBUG - 	C:\inetpub\wwwroot\wbd-cgi\data\land_cover.csv
2017-12-06 09:32:49.595 - DEBUG -  Read 82915 rows in 1.801 seconds
2017-12-06 09:37:54.688 - DEBUG - Reading attribute file:
2017-12-06 09:37:54.688 - DEBUG - 	C:\inetpub\wwwroot\wbd-cgi\data\elev_slope.csv
2017-12-06 09:37:55.223 - DEBUG -  Read 83029 rows in 0.534 seconds
2017-12-06 09:39:44.263 - WARNING - unable to find attribute file C:\inetpub\wwwroot\wbd-cgi\data\elev_slope.csvDEBUG
2017-12-06 09:44:39.355 - WARNING - unable to use attribute ELEVATION to find attribute file
2017-12-06 09:45:23.588 - WARNING - unable to use attribute ELEVATION to find attribute file
2017-12-06 09:46:35.677 - WARNING - unable to find attribute file C:\inetpub\wwwroot\wbd-cgi\data\elev_slope.csvDEBUG
2017-12-06 09:57:38.957 - WARNING - unable to use attribute ELEVATION to find attribute file
2017-12-06 10:01:17.848 - WARNING - unable to use attribute ELEVATION to find attribute file
2017-12-06 10:02:03.137 - WARNING - unable to use attribute ELEVATION to find attribute file
2017-12-06 10:06:58.382 - WARNING - unable to use attribute ELEVATION to find attribute file
2017-12-06 10:09:47.158 - DEBUG - Reading attribute file:
2017-12-06 10:09:47.158 - DEBUG - 	C:\inetpub\wwwroot\wbd-cgi\data\elev_slope.csv
2017-12-06 10:09:49.730 - DEBUG -  Read 83029 rows in 2.572 seconds
2017-12-06 10:10:41. 73 - DEBUG - Reading attribute file:
2017-12-06 10:10:41. 73 - DEBUG - 	C:\inetpub\wwwroot\wbd-cgi\data\land_cover.csv
2017-12-06 10:10:41.641 - DEBUG -  Read 82915 rows in 0.568 seconds
2017-12-06 10:10:59.674 - DEBUG - Reading attribute file:
2017-12-06 10:10:59.674 - DEBUG - 	C:\inetpub\wwwroot\wbd-cgi\data\elev_slope.csv
2017-12-06 10:11:00.153 - DEBUG -  Read 83029 rows in 0.478 seconds
2017-12-06 10:11:19.848 - DEBUG - Reading attribute file:
2017-12-06 10:11:19.848 - DEBUG - 	C:\inetpub\wwwroot\wbd-cgi\data\land_cover.csv
2017-12-06 10:11:20.354 - DEBUG -  Read 82915 rows in 0.506 seconds
2017-12-06 10:22:13.161 - DEBUG - Reading attribute file:
2017-12-06 10:22:13.161 - DEBUG - 	C:\inetpub\wwwroot\wbd-cgi\data\elev_slope.csv
2017-12-06 10:22:13.680 - DEBUG -  Read 83029 rows in 0.52 seconds
2018-01-11 08:40:01.  7 - DEBUG - Reading attribute file:
2018-01-11 08:40:01.  7 - DEBUG - 	C:\inetpub\wwwroot\wbd-cgi\data\elev_slope.csv
2018-01-11 08:40:02.897 - DEBUG -  Read 83029 rows in 1.889 seconds
